{"/Users/afrasiyabhaider/Sites/personal-projects/chrome/pr-description-guard/src/dom.ts": {"path":"/Users/afrasiyabhaider/Sites/personal-projects/chrome/pr-description-guard/src/dom.ts","all":false,"statementMap":{"6":{"start":{"line":7,"column":0},"end":{"line":7,"column":67}},"7":{"start":{"line":8,"column":0},"end":{"line":8,"column":21}},"8":{"start":{"line":9,"column":0},"end":{"line":9,"column":25}},"9":{"start":{"line":10,"column":0},"end":{"line":10,"column":42}},"10":{"start":{"line":11,"column":0},"end":{"line":11,"column":29}},"11":{"start":{"line":12,"column":0},"end":{"line":12,"column":34}},"12":{"start":{"line":13,"column":0},"end":{"line":13,"column":4}},"14":{"start":{"line":15,"column":0},"end":{"line":15,"column":37}},"15":{"start":{"line":16,"column":0},"end":{"line":16,"column":74}},"16":{"start":{"line":17,"column":0},"end":{"line":17,"column":18}},"17":{"start":{"line":18,"column":0},"end":{"line":18,"column":21}},"18":{"start":{"line":19,"column":0},"end":{"line":19,"column":5}},"19":{"start":{"line":20,"column":0},"end":{"line":20,"column":3}},"23":{"start":{"line":24,"column":0},"end":{"line":24,"column":38}},"24":{"start":{"line":25,"column":0},"end":{"line":25,"column":79}},"25":{"start":{"line":26,"column":0},"end":{"line":26,"column":37}},"26":{"start":{"line":27,"column":0},"end":{"line":27,"column":66}},"27":{"start":{"line":28,"column":0},"end":{"line":28,"column":5}},"28":{"start":{"line":29,"column":0},"end":{"line":29,"column":3}},"29":{"start":{"line":30,"column":0},"end":{"line":30,"column":14}},"30":{"start":{"line":31,"column":0},"end":{"line":31,"column":1}},"41":{"start":{"line":42,"column":0},"end":{"line":42,"column":61}},"43":{"start":{"line":44,"column":0},"end":{"line":44,"column":88}},"45":{"start":{"line":46,"column":0},"end":{"line":46,"column":33}},"46":{"start":{"line":47,"column":0},"end":{"line":47,"column":64}},"47":{"start":{"line":48,"column":0},"end":{"line":48,"column":8}},"48":{"start":{"line":49,"column":0},"end":{"line":49,"column":45}},"49":{"start":{"line":50,"column":0},"end":{"line":50,"column":51}},"50":{"start":{"line":51,"column":0},"end":{"line":51,"column":37}},"51":{"start":{"line":52,"column":0},"end":{"line":52,"column":7}},"52":{"start":{"line":53,"column":0},"end":{"line":53,"column":20}},"53":{"start":{"line":54,"column":0},"end":{"line":54,"column":5}},"54":{"start":{"line":55,"column":0},"end":{"line":55,"column":3}},"57":{"start":{"line":58,"column":0},"end":{"line":58,"column":92}},"58":{"start":{"line":59,"column":0},"end":{"line":59,"column":17}},"59":{"start":{"line":60,"column":0},"end":{"line":60,"column":20}},"60":{"start":{"line":61,"column":0},"end":{"line":61,"column":3}},"62":{"start":{"line":63,"column":0},"end":{"line":63,"column":14}},"63":{"start":{"line":64,"column":0},"end":{"line":64,"column":1}},"71":{"start":{"line":72,"column":0},"end":{"line":72,"column":73}},"73":{"start":{"line":74,"column":0},"end":{"line":74,"column":18}},"74":{"start":{"line":75,"column":0},"end":{"line":75,"column":17}},"75":{"start":{"line":76,"column":0},"end":{"line":76,"column":3}},"76":{"start":{"line":77,"column":0},"end":{"line":77,"column":56}},"77":{"start":{"line":78,"column":0},"end":{"line":78,"column":1}}},"s":{"6":1,"7":6,"8":6,"9":6,"10":6,"11":6,"12":6,"14":6,"15":15,"16":15,"17":5,"18":5,"19":15,"23":1,"24":1,"25":1,"26":0,"27":0,"28":1,"29":1,"30":1,"41":1,"43":7,"45":7,"46":6,"47":6,"48":6,"49":3,"50":2,"51":6,"52":5,"53":5,"54":6,"57":2,"58":7,"59":1,"60":1,"62":1,"63":1,"71":1,"73":10,"74":1,"75":1,"76":9,"77":9},"branchMap":{"0":{"type":"branch","line":7,"loc":{"start":{"line":7,"column":7},"end":{"line":31,"column":1}},"locations":[{"start":{"line":7,"column":7},"end":{"line":31,"column":1}}]},"1":{"type":"branch","line":15,"loc":{"start":{"line":15,"column":36},"end":{"line":20,"column":3}},"locations":[{"start":{"line":15,"column":36},"end":{"line":20,"column":3}}]},"2":{"type":"branch","line":17,"loc":{"start":{"line":17,"column":17},"end":{"line":19,"column":5}},"locations":[{"start":{"line":17,"column":17},"end":{"line":19,"column":5}}]},"3":{"type":"branch","line":20,"loc":{"start":{"line":20,"column":2},"end":{"line":31,"column":1}},"locations":[{"start":{"line":20,"column":2},"end":{"line":31,"column":1}}]},"4":{"type":"branch","line":26,"loc":{"start":{"line":26,"column":36},"end":{"line":28,"column":5}},"locations":[{"start":{"line":26,"column":36},"end":{"line":28,"column":5}}]},"5":{"type":"branch","line":42,"loc":{"start":{"line":42,"column":7},"end":{"line":64,"column":1}},"locations":[{"start":{"line":42,"column":7},"end":{"line":64,"column":1}}]},"6":{"type":"branch","line":46,"loc":{"start":{"line":46,"column":32},"end":{"line":55,"column":3}},"locations":[{"start":{"line":46,"column":32},"end":{"line":55,"column":3}}]},"7":{"type":"branch","line":47,"loc":{"start":{"line":47,"column":56},"end":{"line":47,"column":64}},"locations":[{"start":{"line":47,"column":56},"end":{"line":47,"column":64}}]},"8":{"type":"branch","line":49,"loc":{"start":{"line":49,"column":41},"end":{"line":50,"column":51}},"locations":[{"start":{"line":49,"column":41},"end":{"line":50,"column":51}}]},"9":{"type":"branch","line":50,"loc":{"start":{"line":50,"column":47},"end":{"line":51,"column":37}},"locations":[{"start":{"line":50,"column":47},"end":{"line":51,"column":37}}]},"10":{"type":"branch","line":52,"loc":{"start":{"line":52,"column":6},"end":{"line":54,"column":5}},"locations":[{"start":{"line":52,"column":6},"end":{"line":54,"column":5}}]},"11":{"type":"branch","line":55,"loc":{"start":{"line":55,"column":2},"end":{"line":59,"column":16}},"locations":[{"start":{"line":55,"column":2},"end":{"line":59,"column":16}}]},"12":{"type":"branch","line":59,"loc":{"start":{"line":59,"column":16},"end":{"line":64,"column":1}},"locations":[{"start":{"line":59,"column":16},"end":{"line":64,"column":1}}]},"13":{"type":"branch","line":72,"loc":{"start":{"line":72,"column":7},"end":{"line":78,"column":1}},"locations":[{"start":{"line":72,"column":7},"end":{"line":78,"column":1}}]},"14":{"type":"branch","line":74,"loc":{"start":{"line":74,"column":17},"end":{"line":76,"column":3}},"locations":[{"start":{"line":74,"column":17},"end":{"line":76,"column":3}}]},"15":{"type":"branch","line":76,"loc":{"start":{"line":76,"column":2},"end":{"line":78,"column":1}},"locations":[{"start":{"line":76,"column":2},"end":{"line":78,"column":1}}]}},"b":{"0":[6],"1":[15],"2":[5],"3":[1],"4":[0],"5":[7],"6":[6],"7":[1],"8":[3],"9":[2],"10":[5],"11":[2],"12":[1],"13":[10],"14":[1],"15":[9]},"fnMap":{"0":{"name":"getDescriptionField","decl":{"start":{"line":7,"column":7},"end":{"line":31,"column":1}},"loc":{"start":{"line":7,"column":7},"end":{"line":31,"column":1}},"line":7},"1":{"name":"getSubmitButton","decl":{"start":{"line":42,"column":7},"end":{"line":64,"column":1}},"loc":{"start":{"line":42,"column":7},"end":{"line":64,"column":1}},"line":42},"2":{"name":"isPRPage","decl":{"start":{"line":72,"column":7},"end":{"line":78,"column":1}},"loc":{"start":{"line":72,"column":7},"end":{"line":78,"column":1}},"line":72}},"f":{"0":6,"1":7,"2":10}}
,"/Users/afrasiyabhaider/Sites/personal-projects/chrome/pr-description-guard/src/validator.ts": {"path":"/Users/afrasiyabhaider/Sites/personal-projects/chrome/pr-description-guard/src/validator.ts","all":false,"statementMap":{"21":{"start":{"line":22,"column":0},"end":{"line":22,"column":58}},"22":{"start":{"line":23,"column":0},"end":{"line":23,"column":46}},"23":{"start":{"line":24,"column":0},"end":{"line":24,"column":1}},"29":{"start":{"line":30,"column":0},"end":{"line":30,"column":26}},"30":{"start":{"line":31,"column":0},"end":{"line":31,"column":68}},"31":{"start":{"line":32,"column":0},"end":{"line":32,"column":52}},"33":{"start":{"line":34,"column":0},"end":{"line":34,"column":87}},"34":{"start":{"line":35,"column":0},"end":{"line":35,"column":11}},"40":{"start":{"line":41,"column":0},"end":{"line":41,"column":61}},"41":{"start":{"line":42,"column":0},"end":{"line":42,"column":37}},"42":{"start":{"line":43,"column":0},"end":{"line":43,"column":1}},"48":{"start":{"line":49,"column":0},"end":{"line":49,"column":70}},"49":{"start":{"line":50,"column":0},"end":{"line":50,"column":27}},"50":{"start":{"line":51,"column":0},"end":{"line":51,"column":1}},"61":{"start":{"line":62,"column":0},"end":{"line":62,"column":78}},"62":{"start":{"line":63,"column":0},"end":{"line":63,"column":39}},"65":{"start":{"line":66,"column":0},"end":{"line":66,"column":57}},"66":{"start":{"line":67,"column":0},"end":{"line":67,"column":33}},"69":{"start":{"line":70,"column":0},"end":{"line":70,"column":29}},"70":{"start":{"line":71,"column":0},"end":{"line":71,"column":71}},"71":{"start":{"line":72,"column":0},"end":{"line":72,"column":12}},"72":{"start":{"line":73,"column":0},"end":{"line":73,"column":21}},"73":{"start":{"line":74,"column":0},"end":{"line":74,"column":12}},"74":{"start":{"line":75,"column":0},"end":{"line":75,"column":6}},"75":{"start":{"line":76,"column":0},"end":{"line":76,"column":3}},"79":{"start":{"line":80,"column":0},"end":{"line":80,"column":52}},"80":{"start":{"line":81,"column":0},"end":{"line":81,"column":53}},"81":{"start":{"line":82,"column":0},"end":{"line":82,"column":3}},"84":{"start":{"line":85,"column":0},"end":{"line":85,"column":51}},"85":{"start":{"line":86,"column":0},"end":{"line":86,"column":43}},"86":{"start":{"line":87,"column":0},"end":{"line":87,"column":3}},"89":{"start":{"line":90,"column":0},"end":{"line":90,"column":54}},"90":{"start":{"line":91,"column":0},"end":{"line":91,"column":60}},"91":{"start":{"line":92,"column":0},"end":{"line":92,"column":3}},"93":{"start":{"line":94,"column":0},"end":{"line":94,"column":10}},"94":{"start":{"line":95,"column":0},"end":{"line":95,"column":33}},"95":{"start":{"line":96,"column":0},"end":{"line":96,"column":10}},"96":{"start":{"line":97,"column":0},"end":{"line":97,"column":4}},"97":{"start":{"line":98,"column":0},"end":{"line":98,"column":1}}},"s":{"21":29,"22":29,"23":29,"29":1,"30":1,"31":1,"33":1,"34":1,"40":78,"41":78,"42":78,"48":54,"49":54,"50":54,"61":1,"62":29,"65":29,"66":29,"69":29,"70":3,"71":3,"72":3,"73":3,"74":3,"75":3,"79":29,"80":14,"81":14,"84":29,"85":18,"86":18,"89":29,"90":19,"91":19,"93":26,"94":26,"95":26,"96":26,"97":26},"branchMap":{"0":{"type":"branch","line":22,"loc":{"start":{"line":22,"column":0},"end":{"line":24,"column":1}},"locations":[{"start":{"line":22,"column":0},"end":{"line":24,"column":1}}]},"1":{"type":"branch","line":41,"loc":{"start":{"line":41,"column":0},"end":{"line":43,"column":1}},"locations":[{"start":{"line":41,"column":0},"end":{"line":43,"column":1}}]},"2":{"type":"branch","line":49,"loc":{"start":{"line":49,"column":0},"end":{"line":51,"column":1}},"locations":[{"start":{"line":49,"column":0},"end":{"line":51,"column":1}}]},"3":{"type":"branch","line":62,"loc":{"start":{"line":62,"column":7},"end":{"line":98,"column":1}},"locations":[{"start":{"line":62,"column":7},"end":{"line":98,"column":1}}]},"4":{"type":"branch","line":70,"loc":{"start":{"line":70,"column":28},"end":{"line":76,"column":3}},"locations":[{"start":{"line":70,"column":28},"end":{"line":76,"column":3}}]},"5":{"type":"branch","line":76,"loc":{"start":{"line":76,"column":2},"end":{"line":80,"column":51}},"locations":[{"start":{"line":76,"column":2},"end":{"line":80,"column":51}}]},"6":{"type":"branch","line":80,"loc":{"start":{"line":80,"column":51},"end":{"line":82,"column":3}},"locations":[{"start":{"line":80,"column":51},"end":{"line":82,"column":3}}]},"7":{"type":"branch","line":82,"loc":{"start":{"line":82,"column":2},"end":{"line":85,"column":50}},"locations":[{"start":{"line":82,"column":2},"end":{"line":85,"column":50}}]},"8":{"type":"branch","line":85,"loc":{"start":{"line":85,"column":50},"end":{"line":87,"column":3}},"locations":[{"start":{"line":85,"column":50},"end":{"line":87,"column":3}}]},"9":{"type":"branch","line":87,"loc":{"start":{"line":87,"column":2},"end":{"line":90,"column":53}},"locations":[{"start":{"line":87,"column":2},"end":{"line":90,"column":53}}]},"10":{"type":"branch","line":90,"loc":{"start":{"line":90,"column":53},"end":{"line":92,"column":3}},"locations":[{"start":{"line":90,"column":53},"end":{"line":92,"column":3}}]},"11":{"type":"branch","line":92,"loc":{"start":{"line":92,"column":2},"end":{"line":98,"column":1}},"locations":[{"start":{"line":92,"column":2},"end":{"line":98,"column":1}}]}},"b":{"0":[29],"1":[78],"2":[54],"3":[29],"4":[3],"5":[26],"6":[14],"7":[26],"8":[18],"9":[26],"10":[19],"11":[26]},"fnMap":{"0":{"name":"cleanTemplatePlaceholders","decl":{"start":{"line":22,"column":0},"end":{"line":24,"column":1}},"loc":{"start":{"line":22,"column":0},"end":{"line":24,"column":1}},"line":22},"1":{"name":"hasSection","decl":{"start":{"line":41,"column":0},"end":{"line":43,"column":1}},"loc":{"start":{"line":41,"column":0},"end":{"line":43,"column":1}},"line":41},"2":{"name":"createError","decl":{"start":{"line":49,"column":0},"end":{"line":51,"column":1}},"loc":{"start":{"line":49,"column":0},"end":{"line":51,"column":1}},"line":49},"3":{"name":"validatePRDescription","decl":{"start":{"line":62,"column":7},"end":{"line":98,"column":1}},"loc":{"start":{"line":62,"column":7},"end":{"line":98,"column":1}},"line":62}},"f":{"0":29,"1":78,"2":54,"3":29}}
}
