{"/Users/afrasiyabhaider/Sites/personal-projects/chrome/pr-description-guard/src/context-menu.js": {"path":"/Users/afrasiyabhaider/Sites/personal-projects/chrome/pr-description-guard/src/context-menu.js","all":false,"statementMap":{"0":{"start":{"line":1,"column":0},"end":{"line":1,"column":3}},"1":{"start":{"line":2,"column":0},"end":{"line":2,"column":47}},"2":{"start":{"line":3,"column":0},"end":{"line":3,"column":33}},"3":{"start":{"line":4,"column":0},"end":{"line":4,"column":3}},"5":{"start":{"line":6,"column":0},"end":{"line":6,"column":3}},"6":{"start":{"line":7,"column":0},"end":{"line":7,"column":28}},"7":{"start":{"line":8,"column":0},"end":{"line":8,"column":3}},"8":{"start":{"line":9,"column":0},"end":{"line":9,"column":31}},"9":{"start":{"line":10,"column":0},"end":{"line":10,"column":51}},"10":{"start":{"line":11,"column":0},"end":{"line":11,"column":39}},"11":{"start":{"line":12,"column":0},"end":{"line":12,"column":28}},"12":{"start":{"line":13,"column":0},"end":{"line":13,"column":32}},"13":{"start":{"line":14,"column":0},"end":{"line":14,"column":26}},"14":{"start":{"line":15,"column":0},"end":{"line":15,"column":36}},"15":{"start":{"line":16,"column":0},"end":{"line":16,"column":37}},"16":{"start":{"line":17,"column":0},"end":{"line":17,"column":7}},"17":{"start":{"line":18,"column":0},"end":{"line":18,"column":4}},"18":{"start":{"line":19,"column":0},"end":{"line":19,"column":27}},"19":{"start":{"line":20,"column":0},"end":{"line":20,"column":32}},"20":{"start":{"line":21,"column":0},"end":{"line":21,"column":30}},"21":{"start":{"line":22,"column":0},"end":{"line":22,"column":32}},"22":{"start":{"line":23,"column":0},"end":{"line":23,"column":24}},"23":{"start":{"line":24,"column":0},"end":{"line":24,"column":37}},"24":{"start":{"line":25,"column":0},"end":{"line":25,"column":7}},"25":{"start":{"line":26,"column":0},"end":{"line":26,"column":4}},"26":{"start":{"line":27,"column":0},"end":{"line":27,"column":32}},"27":{"start":{"line":28,"column":0},"end":{"line":28,"column":31}},"28":{"start":{"line":29,"column":0},"end":{"line":29,"column":32}},"29":{"start":{"line":30,"column":0},"end":{"line":30,"column":24}},"30":{"start":{"line":31,"column":0},"end":{"line":31,"column":37}},"31":{"start":{"line":32,"column":0},"end":{"line":32,"column":7}},"32":{"start":{"line":33,"column":0},"end":{"line":33,"column":4}},"33":{"start":{"line":34,"column":0},"end":{"line":34,"column":32}},"34":{"start":{"line":35,"column":0},"end":{"line":35,"column":28}},"35":{"start":{"line":36,"column":0},"end":{"line":36,"column":32}},"36":{"start":{"line":37,"column":0},"end":{"line":37,"column":33}},"37":{"start":{"line":38,"column":0},"end":{"line":38,"column":37}},"38":{"start":{"line":39,"column":0},"end":{"line":39,"column":7}},"39":{"start":{"line":40,"column":0},"end":{"line":40,"column":5}},"40":{"start":{"line":41,"column":0},"end":{"line":41,"column":1}},"42":{"start":{"line":43,"column":0},"end":{"line":43,"column":3}},"43":{"start":{"line":44,"column":0},"end":{"line":44,"column":29}},"44":{"start":{"line":45,"column":0},"end":{"line":45,"column":3}},"45":{"start":{"line":46,"column":0},"end":{"line":46,"column":37}},"46":{"start":{"line":47,"column":0},"end":{"line":47,"column":28}},"47":{"start":{"line":48,"column":0},"end":{"line":48,"column":29}},"48":{"start":{"line":49,"column":0},"end":{"line":49,"column":33}},"49":{"start":{"line":50,"column":0},"end":{"line":50,"column":32}},"50":{"start":{"line":51,"column":0},"end":{"line":51,"column":12}},"51":{"start":{"line":52,"column":0},"end":{"line":52,"column":6}},"52":{"start":{"line":53,"column":0},"end":{"line":53,"column":27}},"53":{"start":{"line":54,"column":0},"end":{"line":54,"column":34}},"54":{"start":{"line":55,"column":0},"end":{"line":55,"column":26}},"55":{"start":{"line":56,"column":0},"end":{"line":56,"column":56}},"56":{"start":{"line":57,"column":0},"end":{"line":57,"column":9}},"57":{"start":{"line":58,"column":0},"end":{"line":58,"column":12}},"58":{"start":{"line":59,"column":0},"end":{"line":59,"column":6}},"59":{"start":{"line":60,"column":0},"end":{"line":60,"column":12}},"60":{"start":{"line":61,"column":0},"end":{"line":61,"column":12}},"61":{"start":{"line":62,"column":0},"end":{"line":62,"column":3}},"62":{"start":{"line":63,"column":0},"end":{"line":63,"column":1}},"64":{"start":{"line":65,"column":0},"end":{"line":65,"column":64}},"65":{"start":{"line":66,"column":0},"end":{"line":66,"column":59}},"67":{"start":{"line":68,"column":0},"end":{"line":68,"column":29}},"68":{"start":{"line":69,"column":0},"end":{"line":69,"column":59}},"70":{"start":{"line":71,"column":0},"end":{"line":71,"column":34}}},"s":{"0":1,"1":1,"2":1,"3":1,"5":1,"6":1,"7":1,"8":1,"9":1,"10":1,"11":1,"12":1,"13":1,"14":1,"15":1,"16":1,"17":1,"18":1,"19":1,"20":1,"21":1,"22":1,"23":1,"24":1,"25":1,"26":1,"27":1,"28":1,"29":1,"30":1,"31":1,"32":1,"33":1,"34":1,"35":1,"36":1,"37":1,"38":1,"39":1,"40":1,"42":1,"43":1,"44":1,"45":4,"46":4,"47":4,"48":1,"49":1,"50":1,"51":4,"52":4,"53":1,"54":1,"55":1,"56":1,"57":1,"58":4,"59":4,"60":2,"61":4,"62":4,"64":1,"65":1,"67":1,"68":1,"70":1},"branchMap":{"0":{"type":"branch","line":9,"loc":{"start":{"line":9,"column":0},"end":{"line":41,"column":1}},"locations":[{"start":{"line":9,"column":0},"end":{"line":41,"column":1}}]},"1":{"type":"branch","line":11,"loc":{"start":{"line":11,"column":32},"end":{"line":40,"column":3}},"locations":[{"start":{"line":11,"column":32},"end":{"line":40,"column":3}}]},"2":{"type":"branch","line":46,"loc":{"start":{"line":46,"column":0},"end":{"line":63,"column":1}},"locations":[{"start":{"line":46,"column":0},"end":{"line":63,"column":1}}]},"3":{"type":"branch","line":48,"loc":{"start":{"line":48,"column":4},"end":{"line":51,"column":12}},"locations":[{"start":{"line":48,"column":4},"end":{"line":51,"column":12}}]},"4":{"type":"branch","line":53,"loc":{"start":{"line":53,"column":4},"end":{"line":58,"column":12}},"locations":[{"start":{"line":53,"column":4},"end":{"line":58,"column":12}}]},"5":{"type":"branch","line":60,"loc":{"start":{"line":60,"column":4},"end":{"line":61,"column":12}},"locations":[{"start":{"line":60,"column":4},"end":{"line":61,"column":12}}]}},"b":{"0":[1],"1":[1],"2":[4],"3":[1],"4":[1],"5":[2]},"fnMap":{"0":{"name":"createContextMenus","decl":{"start":{"line":9,"column":0},"end":{"line":41,"column":1}},"loc":{"start":{"line":9,"column":0},"end":{"line":41,"column":1}},"line":9},"1":{"name":"handleMenuClick","decl":{"start":{"line":46,"column":0},"end":{"line":63,"column":1}},"loc":{"start":{"line":46,"column":0},"end":{"line":63,"column":1}},"line":46}},"f":{"0":1,"1":4}}
,"/Users/afrasiyabhaider/Sites/personal-projects/chrome/pr-description-guard/src/dom.ts": {"path":"/Users/afrasiyabhaider/Sites/personal-projects/chrome/pr-description-guard/src/dom.ts","all":false,"statementMap":{"8":{"start":{"line":9,"column":0},"end":{"line":9,"column":67}},"11":{"start":{"line":12,"column":0},"end":{"line":12,"column":36}},"13":{"start":{"line":14,"column":0},"end":{"line":14,"column":25}},"14":{"start":{"line":15,"column":0},"end":{"line":15,"column":42}},"18":{"start":{"line":19,"column":0},"end":{"line":19,"column":71}},"19":{"start":{"line":20,"column":0},"end":{"line":20,"column":50}},"20":{"start":{"line":21,"column":0},"end":{"line":21,"column":78}},"21":{"start":{"line":22,"column":0},"end":{"line":22,"column":67}},"24":{"start":{"line":25,"column":0},"end":{"line":25,"column":46}},"25":{"start":{"line":26,"column":0},"end":{"line":26,"column":43}},"26":{"start":{"line":27,"column":0},"end":{"line":27,"column":4}},"28":{"start":{"line":29,"column":0},"end":{"line":29,"column":52}},"29":{"start":{"line":30,"column":0},"end":{"line":30,"column":74}},"30":{"start":{"line":31,"column":0},"end":{"line":31,"column":18}},"32":{"start":{"line":33,"column":0},"end":{"line":33,"column":119}},"33":{"start":{"line":34,"column":0},"end":{"line":34,"column":131}},"36":{"start":{"line":37,"column":0},"end":{"line":37,"column":52}},"37":{"start":{"line":38,"column":0},"end":{"line":38,"column":23}},"38":{"start":{"line":39,"column":0},"end":{"line":39,"column":7}},"40":{"start":{"line":41,"column":0},"end":{"line":41,"column":66}},"41":{"start":{"line":42,"column":0},"end":{"line":42,"column":23}},"42":{"start":{"line":43,"column":0},"end":{"line":43,"column":7}},"43":{"start":{"line":44,"column":0},"end":{"line":44,"column":5}},"44":{"start":{"line":45,"column":0},"end":{"line":45,"column":3}},"47":{"start":{"line":48,"column":0},"end":{"line":48,"column":82}},"48":{"start":{"line":49,"column":0},"end":{"line":49,"column":40}},"50":{"start":{"line":51,"column":0},"end":{"line":51,"column":141}},"51":{"start":{"line":52,"column":0},"end":{"line":52,"column":130}},"54":{"start":{"line":55,"column":0},"end":{"line":55,"column":133}},"55":{"start":{"line":56,"column":0},"end":{"line":56,"column":22}},"56":{"start":{"line":57,"column":0},"end":{"line":57,"column":5}},"57":{"start":{"line":58,"column":0},"end":{"line":58,"column":3}},"61":{"start":{"line":62,"column":0},"end":{"line":62,"column":38}},"62":{"start":{"line":63,"column":0},"end":{"line":63,"column":79}},"63":{"start":{"line":64,"column":0},"end":{"line":64,"column":37}},"64":{"start":{"line":65,"column":0},"end":{"line":65,"column":66}},"65":{"start":{"line":66,"column":0},"end":{"line":66,"column":5}},"66":{"start":{"line":67,"column":0},"end":{"line":67,"column":3}},"67":{"start":{"line":68,"column":0},"end":{"line":68,"column":14}},"68":{"start":{"line":69,"column":0},"end":{"line":69,"column":1}},"76":{"start":{"line":77,"column":0},"end":{"line":77,"column":50}},"78":{"start":{"line":79,"column":0},"end":{"line":79,"column":32}},"80":{"start":{"line":81,"column":0},"end":{"line":81,"column":56}},"81":{"start":{"line":82,"column":0},"end":{"line":82,"column":52}},"82":{"start":{"line":83,"column":0},"end":{"line":83,"column":35}},"83":{"start":{"line":84,"column":0},"end":{"line":84,"column":37}},"86":{"start":{"line":87,"column":0},"end":{"line":87,"column":57}},"87":{"start":{"line":88,"column":0},"end":{"line":88,"column":53}},"88":{"start":{"line":89,"column":0},"end":{"line":89,"column":35}},"89":{"start":{"line":90,"column":0},"end":{"line":90,"column":4}},"91":{"start":{"line":92,"column":0},"end":{"line":92,"column":48}},"92":{"start":{"line":93,"column":0},"end":{"line":93,"column":53}},"93":{"start":{"line":94,"column":0},"end":{"line":94,"column":18}},"95":{"start":{"line":96,"column":0},"end":{"line":96,"column":97}},"96":{"start":{"line":97,"column":0},"end":{"line":97,"column":29}},"98":{"start":{"line":99,"column":0},"end":{"line":99,"column":62}},"99":{"start":{"line":100,"column":0},"end":{"line":100,"column":7}},"100":{"start":{"line":101,"column":0},"end":{"line":101,"column":5}},"101":{"start":{"line":102,"column":0},"end":{"line":102,"column":3}},"103":{"start":{"line":104,"column":0},"end":{"line":104,"column":12}},"104":{"start":{"line":105,"column":0},"end":{"line":105,"column":1}},"112":{"start":{"line":113,"column":0},"end":{"line":113,"column":63}},"113":{"start":{"line":114,"column":0},"end":{"line":114,"column":21}},"114":{"start":{"line":115,"column":0},"end":{"line":115,"column":42}},"115":{"start":{"line":116,"column":0},"end":{"line":116,"column":38}},"116":{"start":{"line":117,"column":0},"end":{"line":117,"column":20}},"117":{"start":{"line":118,"column":0},"end":{"line":118,"column":4}},"119":{"start":{"line":120,"column":0},"end":{"line":120,"column":37}},"120":{"start":{"line":121,"column":0},"end":{"line":121,"column":66}},"121":{"start":{"line":122,"column":0},"end":{"line":122,"column":18}},"123":{"start":{"line":124,"column":0},"end":{"line":124,"column":97}},"124":{"start":{"line":125,"column":0},"end":{"line":125,"column":29}},"125":{"start":{"line":126,"column":0},"end":{"line":126,"column":23}},"126":{"start":{"line":127,"column":0},"end":{"line":127,"column":7}},"127":{"start":{"line":128,"column":0},"end":{"line":128,"column":5}},"128":{"start":{"line":129,"column":0},"end":{"line":129,"column":3}},"130":{"start":{"line":131,"column":0},"end":{"line":131,"column":14}},"131":{"start":{"line":132,"column":0},"end":{"line":132,"column":1}},"142":{"start":{"line":143,"column":0},"end":{"line":143,"column":61}},"144":{"start":{"line":145,"column":0},"end":{"line":145,"column":88}},"146":{"start":{"line":147,"column":0},"end":{"line":147,"column":33}},"147":{"start":{"line":148,"column":0},"end":{"line":148,"column":64}},"148":{"start":{"line":149,"column":0},"end":{"line":149,"column":8}},"149":{"start":{"line":150,"column":0},"end":{"line":150,"column":45}},"150":{"start":{"line":151,"column":0},"end":{"line":151,"column":51}},"151":{"start":{"line":152,"column":0},"end":{"line":152,"column":37}},"152":{"start":{"line":153,"column":0},"end":{"line":153,"column":7}},"153":{"start":{"line":154,"column":0},"end":{"line":154,"column":20}},"154":{"start":{"line":155,"column":0},"end":{"line":155,"column":5}},"155":{"start":{"line":156,"column":0},"end":{"line":156,"column":3}},"158":{"start":{"line":159,"column":0},"end":{"line":159,"column":92}},"159":{"start":{"line":160,"column":0},"end":{"line":160,"column":17}},"160":{"start":{"line":161,"column":0},"end":{"line":161,"column":20}},"161":{"start":{"line":162,"column":0},"end":{"line":162,"column":3}},"163":{"start":{"line":164,"column":0},"end":{"line":164,"column":14}},"164":{"start":{"line":165,"column":0},"end":{"line":165,"column":1}},"173":{"start":{"line":174,"column":0},"end":{"line":174,"column":73}},"175":{"start":{"line":176,"column":0},"end":{"line":176,"column":18}},"176":{"start":{"line":177,"column":0},"end":{"line":177,"column":17}},"177":{"start":{"line":178,"column":0},"end":{"line":178,"column":3}},"183":{"start":{"line":184,"column":0},"end":{"line":184,"column":56}},"184":{"start":{"line":185,"column":0},"end":{"line":185,"column":1}}},"s":{"8":1,"11":13,"13":13,"14":13,"18":13,"19":13,"20":13,"21":13,"24":13,"25":13,"26":13,"28":13,"29":70,"30":70,"32":8,"33":8,"36":8,"37":3,"38":3,"40":8,"41":4,"42":4,"43":8,"44":70,"47":6,"48":13,"50":3,"51":3,"54":3,"55":1,"56":1,"57":3,"61":5,"62":5,"63":5,"64":1,"65":1,"66":5,"67":5,"68":5,"76":1,"78":5,"80":5,"81":5,"82":5,"83":5,"86":5,"87":5,"88":5,"89":5,"91":5,"92":21,"93":21,"95":3,"96":3,"98":3,"99":3,"100":3,"101":21,"103":2,"104":2,"112":1,"113":2,"114":2,"115":2,"116":2,"117":2,"119":2,"120":4,"121":4,"123":1,"124":1,"125":1,"126":1,"127":1,"128":4,"130":1,"131":1,"142":1,"144":5,"146":5,"147":4,"148":4,"149":4,"150":3,"151":2,"152":4,"153":3,"154":3,"155":4,"158":2,"159":5,"160":1,"161":1,"163":1,"164":1,"173":1,"175":5,"176":1,"177":1,"183":4,"184":4},"branchMap":{"0":{"type":"branch","line":9,"loc":{"start":{"line":9,"column":7},"end":{"line":69,"column":1}},"locations":[{"start":{"line":9,"column":7},"end":{"line":69,"column":1}}]},"1":{"type":"branch","line":29,"loc":{"start":{"line":29,"column":51},"end":{"line":45,"column":3}},"locations":[{"start":{"line":29,"column":51},"end":{"line":45,"column":3}}]},"2":{"type":"branch","line":31,"loc":{"start":{"line":31,"column":17},"end":{"line":44,"column":5}},"locations":[{"start":{"line":31,"column":17},"end":{"line":44,"column":5}}]},"3":{"type":"branch","line":37,"loc":{"start":{"line":37,"column":10},"end":{"line":37,"column":51}},"locations":[{"start":{"line":37,"column":10},"end":{"line":37,"column":51}}]},"4":{"type":"branch","line":37,"loc":{"start":{"line":37,"column":51},"end":{"line":39,"column":7}},"locations":[{"start":{"line":37,"column":51},"end":{"line":39,"column":7}}]},"5":{"type":"branch","line":39,"loc":{"start":{"line":39,"column":6},"end":{"line":41,"column":65}},"locations":[{"start":{"line":39,"column":6},"end":{"line":41,"column":65}}]},"6":{"type":"branch","line":41,"loc":{"start":{"line":41,"column":65},"end":{"line":43,"column":7}},"locations":[{"start":{"line":41,"column":65},"end":{"line":43,"column":7}}]},"7":{"type":"branch","line":45,"loc":{"start":{"line":45,"column":2},"end":{"line":49,"column":39}},"locations":[{"start":{"line":45,"column":2},"end":{"line":49,"column":39}}]},"8":{"type":"branch","line":49,"loc":{"start":{"line":49,"column":39},"end":{"line":58,"column":3}},"locations":[{"start":{"line":49,"column":39},"end":{"line":58,"column":3}}]},"9":{"type":"branch","line":55,"loc":{"start":{"line":55,"column":9},"end":{"line":55,"column":132}},"locations":[{"start":{"line":55,"column":9},"end":{"line":55,"column":132}}]},"10":{"type":"branch","line":55,"loc":{"start":{"line":55,"column":29},"end":{"line":55,"column":94}},"locations":[{"start":{"line":55,"column":29},"end":{"line":55,"column":94}}]},"11":{"type":"branch","line":55,"loc":{"start":{"line":55,"column":70},"end":{"line":55,"column":132}},"locations":[{"start":{"line":55,"column":70},"end":{"line":55,"column":132}}]},"12":{"type":"branch","line":55,"loc":{"start":{"line":55,"column":132},"end":{"line":57,"column":5}},"locations":[{"start":{"line":55,"column":132},"end":{"line":57,"column":5}}]},"13":{"type":"branch","line":58,"loc":{"start":{"line":58,"column":2},"end":{"line":69,"column":1}},"locations":[{"start":{"line":58,"column":2},"end":{"line":69,"column":1}}]},"14":{"type":"branch","line":64,"loc":{"start":{"line":64,"column":36},"end":{"line":66,"column":5}},"locations":[{"start":{"line":64,"column":36},"end":{"line":66,"column":5}}]},"15":{"type":"branch","line":77,"loc":{"start":{"line":77,"column":7},"end":{"line":105,"column":1}},"locations":[{"start":{"line":77,"column":7},"end":{"line":105,"column":1}}]},"16":{"type":"branch","line":92,"loc":{"start":{"line":92,"column":47},"end":{"line":102,"column":3}},"locations":[{"start":{"line":92,"column":47},"end":{"line":102,"column":3}}]},"17":{"type":"branch","line":94,"loc":{"start":{"line":94,"column":17},"end":{"line":101,"column":5}},"locations":[{"start":{"line":94,"column":17},"end":{"line":101,"column":5}}]},"18":{"type":"branch","line":99,"loc":{"start":{"line":99,"column":23},"end":{"line":99,"column":59}},"locations":[{"start":{"line":99,"column":23},"end":{"line":99,"column":59}}]},"19":{"type":"branch","line":99,"loc":{"start":{"line":99,"column":46},"end":{"line":99,"column":62}},"locations":[{"start":{"line":99,"column":46},"end":{"line":99,"column":62}}]},"20":{"type":"branch","line":102,"loc":{"start":{"line":102,"column":2},"end":{"line":105,"column":1}},"locations":[{"start":{"line":102,"column":2},"end":{"line":105,"column":1}}]},"21":{"type":"branch","line":113,"loc":{"start":{"line":113,"column":7},"end":{"line":132,"column":1}},"locations":[{"start":{"line":113,"column":7},"end":{"line":132,"column":1}}]},"22":{"type":"branch","line":120,"loc":{"start":{"line":120,"column":36},"end":{"line":129,"column":3}},"locations":[{"start":{"line":120,"column":36},"end":{"line":129,"column":3}}]},"23":{"type":"branch","line":122,"loc":{"start":{"line":122,"column":17},"end":{"line":128,"column":5}},"locations":[{"start":{"line":122,"column":17},"end":{"line":128,"column":5}}]},"24":{"type":"branch","line":129,"loc":{"start":{"line":129,"column":2},"end":{"line":132,"column":1}},"locations":[{"start":{"line":129,"column":2},"end":{"line":132,"column":1}}]},"25":{"type":"branch","line":143,"loc":{"start":{"line":143,"column":7},"end":{"line":165,"column":1}},"locations":[{"start":{"line":143,"column":7},"end":{"line":165,"column":1}}]},"26":{"type":"branch","line":147,"loc":{"start":{"line":147,"column":32},"end":{"line":156,"column":3}},"locations":[{"start":{"line":147,"column":32},"end":{"line":156,"column":3}}]},"27":{"type":"branch","line":148,"loc":{"start":{"line":148,"column":56},"end":{"line":148,"column":64}},"locations":[{"start":{"line":148,"column":56},"end":{"line":148,"column":64}}]},"28":{"type":"branch","line":150,"loc":{"start":{"line":150,"column":41},"end":{"line":151,"column":51}},"locations":[{"start":{"line":150,"column":41},"end":{"line":151,"column":51}}]},"29":{"type":"branch","line":151,"loc":{"start":{"line":151,"column":47},"end":{"line":152,"column":37}},"locations":[{"start":{"line":151,"column":47},"end":{"line":152,"column":37}}]},"30":{"type":"branch","line":153,"loc":{"start":{"line":153,"column":6},"end":{"line":155,"column":5}},"locations":[{"start":{"line":153,"column":6},"end":{"line":155,"column":5}}]},"31":{"type":"branch","line":156,"loc":{"start":{"line":156,"column":2},"end":{"line":160,"column":16}},"locations":[{"start":{"line":156,"column":2},"end":{"line":160,"column":16}}]},"32":{"type":"branch","line":160,"loc":{"start":{"line":160,"column":16},"end":{"line":165,"column":1}},"locations":[{"start":{"line":160,"column":16},"end":{"line":165,"column":1}}]},"33":{"type":"branch","line":174,"loc":{"start":{"line":174,"column":7},"end":{"line":185,"column":1}},"locations":[{"start":{"line":174,"column":7},"end":{"line":185,"column":1}}]},"34":{"type":"branch","line":176,"loc":{"start":{"line":176,"column":17},"end":{"line":178,"column":3}},"locations":[{"start":{"line":176,"column":17},"end":{"line":178,"column":3}}]},"35":{"type":"branch","line":178,"loc":{"start":{"line":178,"column":2},"end":{"line":185,"column":1}},"locations":[{"start":{"line":178,"column":2},"end":{"line":185,"column":1}}]}},"b":{"0":[13],"1":[70],"2":[8],"3":[3],"4":[3],"5":[5],"6":[4],"7":[6],"8":[3],"9":[1],"10":[0],"11":[0],"12":[1],"13":[5],"14":[1],"15":[5],"16":[21],"17":[3],"18":[1],"19":[0],"20":[2],"21":[2],"22":[4],"23":[1],"24":[1],"25":[5],"26":[4],"27":[1],"28":[3],"29":[2],"30":[3],"31":[2],"32":[1],"33":[5],"34":[1],"35":[4]},"fnMap":{"0":{"name":"getDescriptionField","decl":{"start":{"line":9,"column":7},"end":{"line":69,"column":1}},"loc":{"start":{"line":9,"column":7},"end":{"line":69,"column":1}},"line":9},"1":{"name":"getRenderedDescription","decl":{"start":{"line":77,"column":7},"end":{"line":105,"column":1}},"loc":{"start":{"line":77,"column":7},"end":{"line":105,"column":1}},"line":77},"2":{"name":"getDescriptionContainer","decl":{"start":{"line":113,"column":7},"end":{"line":132,"column":1}},"loc":{"start":{"line":113,"column":7},"end":{"line":132,"column":1}},"line":113},"3":{"name":"getSubmitButton","decl":{"start":{"line":143,"column":7},"end":{"line":165,"column":1}},"loc":{"start":{"line":143,"column":7},"end":{"line":165,"column":1}},"line":143},"4":{"name":"isPRPage","decl":{"start":{"line":174,"column":7},"end":{"line":185,"column":1}},"loc":{"start":{"line":174,"column":7},"end":{"line":185,"column":1}},"line":174}},"f":{"0":13,"1":5,"2":2,"3":5,"4":5}}
,"/Users/afrasiyabhaider/Sites/personal-projects/chrome/pr-description-guard/src/popup.js": {"path":"/Users/afrasiyabhaider/Sites/personal-projects/chrome/pr-description-guard/src/popup.js","all":false,"statementMap":{"0":{"start":{"line":1,"column":0},"end":{"line":1,"column":3}},"1":{"start":{"line":2,"column":0},"end":{"line":2,"column":40}},"2":{"start":{"line":3,"column":0},"end":{"line":3,"column":39}},"3":{"start":{"line":4,"column":0},"end":{"line":4,"column":3}},"5":{"start":{"line":6,"column":0},"end":{"line":6,"column":19}},"6":{"start":{"line":7,"column":0},"end":{"line":7,"column":26}},"7":{"start":{"line":8,"column":0},"end":{"line":8,"column":25}},"8":{"start":{"line":9,"column":0},"end":{"line":9,"column":26}},"9":{"start":{"line":10,"column":0},"end":{"line":10,"column":20}},"10":{"start":{"line":11,"column":0},"end":{"line":11,"column":2}},"12":{"start":{"line":13,"column":0},"end":{"line":13,"column":3}},"13":{"start":{"line":14,"column":0},"end":{"line":14,"column":29}},"14":{"start":{"line":15,"column":0},"end":{"line":15,"column":3}},"15":{"start":{"line":16,"column":0},"end":{"line":16,"column":31}},"16":{"start":{"line":17,"column":0},"end":{"line":17,"column":7}},"17":{"start":{"line":18,"column":0},"end":{"line":18,"column":67}},"18":{"start":{"line":19,"column":0},"end":{"line":19,"column":18}},"19":{"start":{"line":20,"column":0},"end":{"line":20,"column":19}},"20":{"start":{"line":21,"column":0},"end":{"line":21,"column":52}},"21":{"start":{"line":22,"column":0},"end":{"line":22,"column":28}},"22":{"start":{"line":23,"column":0},"end":{"line":23,"column":3}},"23":{"start":{"line":24,"column":0},"end":{"line":24,"column":1}},"25":{"start":{"line":26,"column":0},"end":{"line":26,"column":3}},"26":{"start":{"line":27,"column":0},"end":{"line":27,"column":27}},"27":{"start":{"line":28,"column":0},"end":{"line":28,"column":3}},"28":{"start":{"line":29,"column":0},"end":{"line":29,"column":39}},"29":{"start":{"line":30,"column":0},"end":{"line":30,"column":7}},"30":{"start":{"line":31,"column":0},"end":{"line":31,"column":44}},"31":{"start":{"line":32,"column":0},"end":{"line":32,"column":47}},"32":{"start":{"line":33,"column":0},"end":{"line":33,"column":62}},"33":{"start":{"line":34,"column":0},"end":{"line":34,"column":27}},"34":{"start":{"line":35,"column":0},"end":{"line":35,"column":80}},"35":{"start":{"line":36,"column":0},"end":{"line":36,"column":9}},"36":{"start":{"line":37,"column":0},"end":{"line":37,"column":7}},"37":{"start":{"line":38,"column":0},"end":{"line":38,"column":19}},"38":{"start":{"line":39,"column":0},"end":{"line":39,"column":51}},"39":{"start":{"line":40,"column":0},"end":{"line":40,"column":3}},"40":{"start":{"line":41,"column":0},"end":{"line":41,"column":1}},"42":{"start":{"line":43,"column":0},"end":{"line":43,"column":34}},"45":{"start":{"line":46,"column":0},"end":{"line":46,"column":3}},"46":{"start":{"line":47,"column":0},"end":{"line":47,"column":19}},"47":{"start":{"line":48,"column":0},"end":{"line":48,"column":3}},"48":{"start":{"line":49,"column":0},"end":{"line":49,"column":28}},"49":{"start":{"line":50,"column":0},"end":{"line":50,"column":28}},"50":{"start":{"line":51,"column":0},"end":{"line":51,"column":40}},"51":{"start":{"line":52,"column":0},"end":{"line":52,"column":2}},"52":{"start":{"line":53,"column":0},"end":{"line":53,"column":90}},"53":{"start":{"line":54,"column":0},"end":{"line":54,"column":92}},"54":{"start":{"line":55,"column":0},"end":{"line":55,"column":79}},"55":{"start":{"line":56,"column":0},"end":{"line":56,"column":2}},"56":{"start":{"line":57,"column":0},"end":{"line":57,"column":24}},"57":{"start":{"line":58,"column":0},"end":{"line":58,"column":87}},"58":{"start":{"line":59,"column":0},"end":{"line":59,"column":45}},"59":{"start":{"line":60,"column":0},"end":{"line":60,"column":52}},"60":{"start":{"line":61,"column":0},"end":{"line":61,"column":36}},"61":{"start":{"line":62,"column":0},"end":{"line":62,"column":5}},"62":{"start":{"line":63,"column":0},"end":{"line":63,"column":2}},"63":{"start":{"line":64,"column":0},"end":{"line":64,"column":88}},"64":{"start":{"line":65,"column":0},"end":{"line":65,"column":45}},"65":{"start":{"line":66,"column":0},"end":{"line":66,"column":53}},"66":{"start":{"line":67,"column":0},"end":{"line":67,"column":36}},"67":{"start":{"line":68,"column":0},"end":{"line":68,"column":5}},"68":{"start":{"line":69,"column":0},"end":{"line":69,"column":2}},"69":{"start":{"line":70,"column":0},"end":{"line":70,"column":81}},"70":{"start":{"line":71,"column":0},"end":{"line":71,"column":45}},"71":{"start":{"line":72,"column":0},"end":{"line":72,"column":46}},"72":{"start":{"line":73,"column":0},"end":{"line":73,"column":36}},"73":{"start":{"line":74,"column":0},"end":{"line":74,"column":4}},"74":{"start":{"line":75,"column":0},"end":{"line":75,"column":43}},"75":{"start":{"line":76,"column":0},"end":{"line":76,"column":27}},"76":{"start":{"line":77,"column":0},"end":{"line":77,"column":68}},"77":{"start":{"line":78,"column":0},"end":{"line":78,"column":72}},"78":{"start":{"line":79,"column":0},"end":{"line":79,"column":5}},"79":{"start":{"line":80,"column":0},"end":{"line":80,"column":5}},"80":{"start":{"line":81,"column":0},"end":{"line":81,"column":1}},"82":{"start":{"line":83,"column":0},"end":{"line":83,"column":21}},"85":{"start":{"line":86,"column":0},"end":{"line":86,"column":31}},"86":{"start":{"line":87,"column":0},"end":{"line":87,"column":40}},"87":{"start":{"line":88,"column":0},"end":{"line":88,"column":59}},"88":{"start":{"line":89,"column":0},"end":{"line":89,"column":8}},"89":{"start":{"line":90,"column":0},"end":{"line":90,"column":14}},"90":{"start":{"line":91,"column":0},"end":{"line":91,"column":1}}},"s":{"0":1,"1":1,"2":1,"3":1,"5":1,"6":1,"7":1,"8":1,"9":1,"10":1,"12":1,"13":1,"14":1,"15":12,"16":12,"17":12,"18":10,"19":12,"20":2,"21":2,"22":2,"23":12,"25":1,"26":1,"27":1,"28":10,"29":10,"30":10,"31":8,"32":8,"33":7,"34":5,"35":7,"36":8,"37":10,"38":2,"39":2,"40":10,"42":1,"45":1,"46":1,"47":1,"48":3,"49":3,"50":3,"51":3,"52":3,"53":3,"54":3,"55":3,"56":3,"57":3,"58":0,"59":0,"60":0,"61":3,"62":3,"63":3,"64":0,"65":0,"66":0,"67":3,"68":3,"69":3,"70":0,"71":0,"72":0,"73":0,"74":0,"75":0,"76":0,"77":0,"78":0,"79":3,"80":3,"82":1,"85":1,"86":1,"87":0,"88":1,"89":1,"90":1},"branchMap":{"0":{"type":"branch","line":87,"loc":{"start":{"line":87,"column":39},"end":{"line":89,"column":2}},"locations":[{"start":{"line":87,"column":39},"end":{"line":89,"column":2}}]},"1":{"type":"branch","line":16,"loc":{"start":{"line":16,"column":0},"end":{"line":24,"column":1}},"locations":[{"start":{"line":16,"column":0},"end":{"line":24,"column":1}}]},"2":{"type":"branch","line":18,"loc":{"start":{"line":18,"column":66},"end":{"line":20,"column":4}},"locations":[{"start":{"line":18,"column":66},"end":{"line":20,"column":4}}]},"3":{"type":"branch","line":20,"loc":{"start":{"line":20,"column":4},"end":{"line":23,"column":3}},"locations":[{"start":{"line":20,"column":4},"end":{"line":23,"column":3}}]},"4":{"type":"branch","line":29,"loc":{"start":{"line":29,"column":0},"end":{"line":41,"column":1}},"locations":[{"start":{"line":29,"column":0},"end":{"line":41,"column":1}}]},"5":{"type":"branch","line":31,"loc":{"start":{"line":31,"column":43},"end":{"line":38,"column":4}},"locations":[{"start":{"line":31,"column":43},"end":{"line":38,"column":4}}]},"6":{"type":"branch","line":38,"loc":{"start":{"line":38,"column":4},"end":{"line":40,"column":3}},"locations":[{"start":{"line":38,"column":4},"end":{"line":40,"column":3}}]},"7":{"type":"branch","line":33,"loc":{"start":{"line":33,"column":51},"end":{"line":37,"column":5}},"locations":[{"start":{"line":33,"column":51},"end":{"line":37,"column":5}}]},"8":{"type":"branch","line":34,"loc":{"start":{"line":34,"column":19},"end":{"line":36,"column":7}},"locations":[{"start":{"line":34,"column":19},"end":{"line":36,"column":7}}]},"9":{"type":"branch","line":49,"loc":{"start":{"line":49,"column":0},"end":{"line":81,"column":1}},"locations":[{"start":{"line":49,"column":0},"end":{"line":81,"column":1}}]},"10":{"type":"branch","line":53,"loc":{"start":{"line":53,"column":82},"end":{"line":53,"column":89}},"locations":[{"start":{"line":53,"column":82},"end":{"line":53,"column":89}}]},"11":{"type":"branch","line":54,"loc":{"start":{"line":54,"column":84},"end":{"line":54,"column":91}},"locations":[{"start":{"line":54,"column":84},"end":{"line":54,"column":91}}]},"12":{"type":"branch","line":55,"loc":{"start":{"line":55,"column":70},"end":{"line":55,"column":78}},"locations":[{"start":{"line":55,"column":70},"end":{"line":55,"column":78}}]}},"b":{"0":[0],"1":[12],"2":[10],"3":[2],"4":[10],"5":[8],"6":[2],"7":[7],"8":[5],"9":[3],"10":[1],"11":[1],"12":[0]},"fnMap":{"0":{"name":"loadSettings","decl":{"start":{"line":16,"column":0},"end":{"line":24,"column":1}},"loc":{"start":{"line":16,"column":0},"end":{"line":24,"column":1}},"line":16},"1":{"name":"saveSettings","decl":{"start":{"line":29,"column":0},"end":{"line":41,"column":1}},"loc":{"start":{"line":29,"column":0},"end":{"line":41,"column":1}},"line":29},"2":{"name":"initPopup","decl":{"start":{"line":49,"column":0},"end":{"line":81,"column":1}},"loc":{"start":{"line":49,"column":0},"end":{"line":81,"column":1}},"line":49}},"f":{"0":12,"1":10,"2":3}}
,"/Users/afrasiyabhaider/Sites/personal-projects/chrome/pr-description-guard/src/validator.ts": {"path":"/Users/afrasiyabhaider/Sites/personal-projects/chrome/pr-description-guard/src/validator.ts","all":false,"statementMap":{"21":{"start":{"line":22,"column":0},"end":{"line":22,"column":58}},"22":{"start":{"line":23,"column":0},"end":{"line":23,"column":46}},"23":{"start":{"line":24,"column":0},"end":{"line":24,"column":1}},"29":{"start":{"line":30,"column":0},"end":{"line":30,"column":26}},"30":{"start":{"line":31,"column":0},"end":{"line":31,"column":68}},"31":{"start":{"line":32,"column":0},"end":{"line":32,"column":52}},"33":{"start":{"line":34,"column":0},"end":{"line":34,"column":87}},"34":{"start":{"line":35,"column":0},"end":{"line":35,"column":11}},"40":{"start":{"line":41,"column":0},"end":{"line":41,"column":61}},"41":{"start":{"line":42,"column":0},"end":{"line":42,"column":37}},"42":{"start":{"line":43,"column":0},"end":{"line":43,"column":1}},"48":{"start":{"line":49,"column":0},"end":{"line":49,"column":70}},"49":{"start":{"line":50,"column":0},"end":{"line":50,"column":27}},"50":{"start":{"line":51,"column":0},"end":{"line":51,"column":1}},"61":{"start":{"line":62,"column":0},"end":{"line":62,"column":78}},"62":{"start":{"line":63,"column":0},"end":{"line":63,"column":39}},"65":{"start":{"line":66,"column":0},"end":{"line":66,"column":57}},"66":{"start":{"line":67,"column":0},"end":{"line":67,"column":33}},"69":{"start":{"line":70,"column":0},"end":{"line":70,"column":29}},"70":{"start":{"line":71,"column":0},"end":{"line":71,"column":71}},"71":{"start":{"line":72,"column":0},"end":{"line":72,"column":12}},"72":{"start":{"line":73,"column":0},"end":{"line":73,"column":21}},"73":{"start":{"line":74,"column":0},"end":{"line":74,"column":12}},"74":{"start":{"line":75,"column":0},"end":{"line":75,"column":6}},"75":{"start":{"line":76,"column":0},"end":{"line":76,"column":3}},"79":{"start":{"line":80,"column":0},"end":{"line":80,"column":52}},"80":{"start":{"line":81,"column":0},"end":{"line":81,"column":53}},"81":{"start":{"line":82,"column":0},"end":{"line":82,"column":3}},"84":{"start":{"line":85,"column":0},"end":{"line":85,"column":51}},"85":{"start":{"line":86,"column":0},"end":{"line":86,"column":43}},"86":{"start":{"line":87,"column":0},"end":{"line":87,"column":3}},"89":{"start":{"line":90,"column":0},"end":{"line":90,"column":54}},"90":{"start":{"line":91,"column":0},"end":{"line":91,"column":60}},"91":{"start":{"line":92,"column":0},"end":{"line":92,"column":3}},"93":{"start":{"line":94,"column":0},"end":{"line":94,"column":10}},"94":{"start":{"line":95,"column":0},"end":{"line":95,"column":33}},"95":{"start":{"line":96,"column":0},"end":{"line":96,"column":10}},"96":{"start":{"line":97,"column":0},"end":{"line":97,"column":4}},"97":{"start":{"line":98,"column":0},"end":{"line":98,"column":1}}},"s":{"21":71,"22":71,"23":71,"29":1,"30":1,"31":1,"33":1,"34":1,"40":189,"41":189,"42":189,"48":114,"49":114,"50":114,"61":1,"62":71,"65":71,"66":71,"69":71,"70":8,"71":8,"72":8,"73":8,"74":8,"75":8,"79":71,"80":21,"81":21,"84":71,"85":42,"86":42,"89":71,"90":43,"91":43,"93":63,"94":63,"95":63,"96":63,"97":63},"branchMap":{"0":{"type":"branch","line":22,"loc":{"start":{"line":22,"column":0},"end":{"line":24,"column":1}},"locations":[{"start":{"line":22,"column":0},"end":{"line":24,"column":1}}]},"1":{"type":"branch","line":41,"loc":{"start":{"line":41,"column":0},"end":{"line":43,"column":1}},"locations":[{"start":{"line":41,"column":0},"end":{"line":43,"column":1}}]},"2":{"type":"branch","line":49,"loc":{"start":{"line":49,"column":0},"end":{"line":51,"column":1}},"locations":[{"start":{"line":49,"column":0},"end":{"line":51,"column":1}}]},"3":{"type":"branch","line":62,"loc":{"start":{"line":62,"column":7},"end":{"line":98,"column":1}},"locations":[{"start":{"line":62,"column":7},"end":{"line":98,"column":1}}]},"4":{"type":"branch","line":70,"loc":{"start":{"line":70,"column":28},"end":{"line":76,"column":3}},"locations":[{"start":{"line":70,"column":28},"end":{"line":76,"column":3}}]},"5":{"type":"branch","line":76,"loc":{"start":{"line":76,"column":2},"end":{"line":80,"column":51}},"locations":[{"start":{"line":76,"column":2},"end":{"line":80,"column":51}}]},"6":{"type":"branch","line":80,"loc":{"start":{"line":80,"column":51},"end":{"line":82,"column":3}},"locations":[{"start":{"line":80,"column":51},"end":{"line":82,"column":3}}]},"7":{"type":"branch","line":82,"loc":{"start":{"line":82,"column":2},"end":{"line":85,"column":50}},"locations":[{"start":{"line":82,"column":2},"end":{"line":85,"column":50}}]},"8":{"type":"branch","line":85,"loc":{"start":{"line":85,"column":50},"end":{"line":87,"column":3}},"locations":[{"start":{"line":85,"column":50},"end":{"line":87,"column":3}}]},"9":{"type":"branch","line":87,"loc":{"start":{"line":87,"column":2},"end":{"line":90,"column":53}},"locations":[{"start":{"line":87,"column":2},"end":{"line":90,"column":53}}]},"10":{"type":"branch","line":90,"loc":{"start":{"line":90,"column":53},"end":{"line":92,"column":3}},"locations":[{"start":{"line":90,"column":53},"end":{"line":92,"column":3}}]},"11":{"type":"branch","line":92,"loc":{"start":{"line":92,"column":2},"end":{"line":98,"column":1}},"locations":[{"start":{"line":92,"column":2},"end":{"line":98,"column":1}}]}},"b":{"0":[71],"1":[189],"2":[114],"3":[71],"4":[8],"5":[63],"6":[21],"7":[63],"8":[42],"9":[63],"10":[43],"11":[63]},"fnMap":{"0":{"name":"cleanTemplatePlaceholders","decl":{"start":{"line":22,"column":0},"end":{"line":24,"column":1}},"loc":{"start":{"line":22,"column":0},"end":{"line":24,"column":1}},"line":22},"1":{"name":"hasSection","decl":{"start":{"line":41,"column":0},"end":{"line":43,"column":1}},"loc":{"start":{"line":41,"column":0},"end":{"line":43,"column":1}},"line":41},"2":{"name":"createError","decl":{"start":{"line":49,"column":0},"end":{"line":51,"column":1}},"loc":{"start":{"line":49,"column":0},"end":{"line":51,"column":1}},"line":49},"3":{"name":"validatePRDescription","decl":{"start":{"line":62,"column":7},"end":{"line":98,"column":1}},"loc":{"start":{"line":62,"column":7},"end":{"line":98,"column":1}},"line":62}},"f":{"0":71,"1":189,"2":114,"3":71}}
}
